This file contains any messages produced by compilers while
running configure, to aid debugging if configure makes a mistake.

It was created by configure, which was
generated by GNU Autoconf 2.57.  Invocation command line was

  $ ./configure --with-samba-prefix=/usr/

## --------- ##
## Platform. ##
## --------- ##

hostname = builder
uname -m = x86_64
uname -r = 2.6.32.4-30.fc12.x86_64
uname -s = Linux
uname -v = #1 SMP Thu Jan 21 20:35:56 UTC 2010

/usr/bin/uname -p = unknown
/bin/uname -X     = unknown

/bin/arch              = x86_64
/usr/bin/arch -k       = unknown
/usr/convex/getsysinfo = unknown
hostinfo               = unknown
/bin/machine           = unknown
/usr/bin/oslevel       = unknown
/bin/universe          = unknown

PATH: /home/philipp/bin
PATH: /sbin
PATH: /usr/sbin
PATH: /usr/lib64/qt-3.3/bin
PATH: /usr/kerberos/sbin
PATH: /usr/kerberos/bin
PATH: /usr/lib64/ccache
PATH: /usr/local/bin
PATH: /usr/bin
PATH: /bin
PATH: /usr/X11R6/bin


## ----------- ##
## Core tests. ##
## ----------- ##

configure:1274: checking for gcc
configure:1290: found /usr/lib64/ccache/gcc
configure:1300: result: gcc
configure:1544: checking for C compiler version
configure:1547: gcc --version </dev/null >&5
gcc (GCC) 4.4.3 20100127 (Red Hat 4.4.3-4)
Copyright (C) 2010 Free Software Foundation, Inc.
This is free software; see the source for copying conditions.  There is NO
warranty; not even for MERCHANTABILITY or FITNESS FOR A PARTICULAR PURPOSE.

configure:1550: $? = 0
configure:1552: gcc -v </dev/null >&5
Using built-in specs.
Target: x86_64-redhat-linux
Configured with: ../configure --prefix=/usr --mandir=/usr/share/man --infodir=/usr/share/info --with-bugurl=http://bugzilla.redhat.com/bugzilla --enable-bootstrap --enable-shared --enable-threads=posix --enable-checking=release --with-system-zlib --enable-__cxa_atexit --disable-libunwind-exceptions --enable-gnu-unique-object --enable-languages=c,c++,objc,obj-c++,java,fortran,ada --enable-java-awt=gtk --disable-dssi --enable-plugin --with-java-home=/usr/lib/jvm/java-1.5.0-gcj-1.5.0.0/jre --enable-libgcj-multifile --enable-java-maintainer-mode --with-ecj-jar=/usr/share/java/eclipse-ecj.jar --disable-libjava-multilib --with-ppl --with-cloog --with-tune=generic --with-arch_32=i686 --build=x86_64-redhat-linux
Thread model: posix
gcc version 4.4.3 20100127 (Red Hat 4.4.3-4) (GCC) 
configure:1555: $? = 0
configure:1557: gcc -V </dev/null >&5
gcc: '-V' option must have argument
configure:1560: $? = 1
configure:1584: checking for C compiler default output
configure:1587: gcc    conftest.c  >&5
configure:1590: $? = 0
configure:1636: result: a.out
configure:1641: checking whether the C compiler works
configure:1647: ./a.out
configure:1650: $? = 0
configure:1667: result: yes
configure:1674: checking whether we are cross compiling
configure:1676: result: no
configure:1679: checking for suffix of executables
configure:1681: gcc -o conftest    conftest.c  >&5
configure:1684: $? = 0
configure:1709: result: 
configure:1715: checking for suffix of object files
configure:1737: gcc -c   conftest.c >&5
configure:1740: $? = 0
configure:1762: result: o
configure:1766: checking whether we are using the GNU C compiler
configure:1791: gcc -c   conftest.c >&5
configure:1794: $? = 0
configure:1797: test -s conftest.o
configure:1800: $? = 0
configure:1813: result: yes
configure:1819: checking whether gcc accepts -g
configure:1841: gcc -c -g  conftest.c >&5
configure:1844: $? = 0
configure:1847: test -s conftest.o
configure:1850: $? = 0
configure:1861: result: yes
configure:1878: checking for gcc option to accept ANSI C
configure:1939: gcc  -c -g -O2  conftest.c >&5
configure:1942: $? = 0
configure:1945: test -s conftest.o
configure:1948: $? = 0
configure:1966: result: none needed
configure:1984: gcc -c -g -O2  conftest.c >&5
conftest.c:2: error: expected '=', ',', ';', 'asm' or '__attribute__' before 'me'
configure:1987: $? = 1
configure: failed program was:
| #ifndef __cplusplus
|   choke me
| #endif
configure:2102: checking how to run the C preprocessor
configure:2138: gcc -E  conftest.c
configure:2144: $? = 0
configure:2176: gcc -E  conftest.c
configure:2175:28: error: ac_nonexistent.h: No such file or directory
configure:2182: $? = 1
configure: failed program was:
| #line 2167 "configure"
| /* confdefs.h.  */
| 
| #define PACKAGE_NAME ""
| #define PACKAGE_TARNAME ""
| #define PACKAGE_VERSION ""
| #define PACKAGE_STRING ""
| #define PACKAGE_BUGREPORT ""
| /* end confdefs.h.  */
| #include <ac_nonexistent.h>
configure:2220: result: gcc -E
configure:2245: gcc -E  conftest.c
configure:2251: $? = 0
configure:2283: gcc -E  conftest.c
configure:2282:28: error: ac_nonexistent.h: No such file or directory
configure:2289: $? = 1
configure: failed program was:
| #line 2274 "configure"
| /* confdefs.h.  */
| 
| #define PACKAGE_NAME ""
| #define PACKAGE_TARNAME ""
| #define PACKAGE_VERSION ""
| #define PACKAGE_STRING ""
| #define PACKAGE_BUGREPORT ""
| /* end confdefs.h.  */
| #include <ac_nonexistent.h>
configure:2332: checking for egrep
configure:2342: result: grep -E
configure:2349: checking for working alloca.h
configure:2371: gcc -o conftest -g -O2   conftest.c  >&5
configure:2374: $? = 0
configure:2377: test -s conftest
configure:2380: $? = 0
configure:2391: result: yes
configure:2401: checking for alloca
configure:2443: gcc -o conftest -g -O2   conftest.c  >&5
configure:2446: $? = 0
configure:2449: test -s conftest
configure:2452: $? = 0
configure:2463: result: yes
configure:2686: checking for smbc_mkdir in -lsmbclient
configure:2717: gcc -o conftest -g -O2 -I/usr//include   -L/usr//lib -lsmbclient conftest.c -lsmbclient   >&5
configure:2720: $? = 0
configure:2723: test -s conftest
configure:2726: $? = 0
configure:2738: result: yes
configure:2756: checking for smbc_open in -lsmbclient
configure:2787: gcc -o conftest -g -O2 -I/usr//include   -L/usr//lib -lsmbclient conftest.c -lsmbclient  -lsmbclient  >&5
configure:2790: $? = 0
configure:2793: test -s conftest
configure:2796: $? = 0
configure:2808: result: yes
configure:2826: checking for smbc_fstat in -lsmbclient
configure:2857: gcc -o conftest -g -O2 -I/usr//include   -L/usr//lib -lsmbclient conftest.c -lsmbclient  -lsmbclient -lsmbclient  >&5
configure:2860: $? = 0
configure:2863: test -s conftest
configure:2866: $? = 0
configure:2878: result: yes
configure:2897: checking for smbc_init_context in -lsmbclient
configure:2928: gcc -o conftest -g -O2 -I/usr//include   -L/usr//lib -lsmbclient conftest.c -lsmbclient  -lsmbclient -lsmbclient -lsmbclient  >&5
configure:2931: $? = 0
configure:2934: test -s conftest
configure:2937: $? = 0
configure:2949: result: yes
configure:2982: gcc -c -g -O2 -I/usr//include  conftest.c >&5
configure: In function 'main':
configure:2983: warning: 'flags' is deprecated (declared at /usr/include/libsmbclient.h:2903)
configure:2985: $? = 0
configure:2988: test -s conftest.o
configure:2991: $? = 0
configure:3007: result: Good you have SMBCTXX->flags 
configure:3032: gcc -c -g -O2 -I/usr//include -DHAVE_SMBCTXX_FLAG  conftest.c >&5
configure:3028:1: warning: "HAVE_SMBCTXX_FLAG" redefined
<command-line>: warning: this is the location of the previous definition
configure: In function 'main':
configure:3034: warning: 'close_fn' is deprecated (declared at /usr/include/libsmbclient.h:2778)
configure:3035: $? = 0
configure:3038: test -s conftest.o
configure:3041: $? = 0
configure:3057: result: You use SMBCTXX->close_fn (release >= 3.0.20). 
configure:3160: creating ./config.status

## ---------------------- ##
## Running config.status. ##
## ---------------------- ##

This file was extended by config.status, which was
generated by GNU Autoconf 2.57.  Invocation command line was

  CONFIG_FILES    = 
  CONFIG_HEADERS  = 
  CONFIG_LINKS    = 
  CONFIG_COMMANDS = 
  $ ./config.status 

on builder

config.status:453: creating config.h

## ---------------- ##
## Cache variables. ##
## ---------------- ##

ac_cv_c_compiler_gnu=yes
ac_cv_env_CC_set=
ac_cv_env_CC_value=
ac_cv_env_CFLAGS_set=
ac_cv_env_CFLAGS_value=
ac_cv_env_CPPFLAGS_set=
ac_cv_env_CPPFLAGS_value=
ac_cv_env_CPP_set=
ac_cv_env_CPP_value=
ac_cv_env_LDFLAGS_set=
ac_cv_env_LDFLAGS_value=
ac_cv_env_build_alias_set=
ac_cv_env_build_alias_value=
ac_cv_env_host_alias_set=
ac_cv_env_host_alias_value=
ac_cv_env_target_alias_set=
ac_cv_env_target_alias_value=
ac_cv_exeext=
ac_cv_func_alloca_works=yes
ac_cv_lib_smbclient_smbc_fstat=yes
ac_cv_lib_smbclient_smbc_init_context=yes
ac_cv_lib_smbclient_smbc_mkdir=yes
ac_cv_lib_smbclient_smbc_open=yes
ac_cv_objext=o
ac_cv_prog_CPP='gcc -E'
ac_cv_prog_ac_ct_CC=gcc
ac_cv_prog_cc_g=yes
ac_cv_prog_cc_stdc=
ac_cv_prog_egrep='grep -E'
ac_cv_working_alloca_h=yes

## ----------------- ##
## Output variables. ##
## ----------------- ##

ALLOCA=''
CC='gcc'
CFLAGS='-g -O2 -I/usr//include -DHAVE_SMBCTXX_FLAG -DHAVE_CLOSEFN'
CPP='gcc -E'
CPPFLAGS=''
DEFS='-DHAVE_CONFIG_H'
ECHO_C=''
ECHO_N='-n'
ECHO_T=''
EGREP='grep -E'
EXEEXT=''
LDFLAGS=' -L/usr//lib -lsmbclient'
LIBOBJS=''
LIBS='-lsmbclient -lsmbclient -lsmbclient -lsmbclient '
LTLIBOBJS=''
OBJEXT='o'
PACKAGE_BUGREPORT=''
PACKAGE_NAME=''
PACKAGE_STRING=''
PACKAGE_TARNAME=''
PACKAGE_VERSION=''
PATH_SEPARATOR=':'
SHELL='/bin/sh'
ac_ct_CC='gcc'
bindir='${exec_prefix}/bin'
build_alias=''
datadir='${prefix}/share'
exec_prefix='${prefix}'
host_alias=''
includedir='${prefix}/include'
infodir='${prefix}/info'
libdir='${exec_prefix}/lib'
libexecdir='${exec_prefix}/libexec'
localstatedir='${prefix}/var'
mandir='${prefix}/man'
oldincludedir='/usr/include'
prefix='/usr/local'
program_transform_name='s,x,x,'
sbindir='${exec_prefix}/sbin'
sharedstatedir='${prefix}/com'
sysconfdir='${prefix}/etc'
target_alias=''

## ----------- ##
## confdefs.h. ##
## ----------- ##

#define HAVE_ALLOCA 1
#define HAVE_ALLOCA_H 1
#define HAVE_CLOSEFN
#define HAVE_LIBSMBCLIENT 1
#define HAVE_LIBSMBCLIENT 1
#define HAVE_LIBSMBCLIENT 1
#define HAVE_LIBSMBCLIENT 1
#define HAVE_SMBCTXX_FLAG
#define PACKAGE_BUGREPORT ""
#define PACKAGE_NAME ""
#define PACKAGE_STRING ""
#define PACKAGE_TARNAME ""
#define PACKAGE_VERSION ""

configure: exit 0
